This is pdfTeX, Version 3.14159265-2.6-1.40.21 (TeX Live 2020/W32TeX) (preloaded format=pdflatex 2021.3.23)  1 MAR 2024 05:17
entering extended mode
 restricted \write18 enabled.
 file:line:error style messages enabled.
 %&-line parsing enabled.
**d:/proyectos/BitcoinResearch/BitcoinResearch/scripts/analisis/app/main.tex
(d:/proyectos/BitcoinResearch/BitcoinResearch/scripts/analisis/app/main.tex
LaTeX2e <2020-10-01> patch level 4
L3 programming layer <2021-02-18>

! LaTeX Error: File `rbf.cls' not found.

Type X to quit or <RETURN> to proceed,
or enter new name. (Default extension: cls)

Enter file name: 
d:/proyectos/BitcoinResearch/BitcoinResearch/scripts/analisis/app/main.tex:4: Emergency stop.
<read *> 
         
l.4 \usepackage
               {amsmath}^^M
*** (cannot \read from terminal in nonstop modes)

 
Here is how much of TeX's memory you used:
 22 strings out of 479014
 674 string characters out of 5863080
 283631 words of memory out of 5000000
 17601 multiletter control sequences out of 15000+600000
 403430 words of font info for 27 fonts, out of 8000000 for 9000
 1141 hyphenation exceptions out of 8191
 32i,0n,39p,151b,13s stack positions out of 5000i,500n,10000p,200000b,80000s
d:/proyectos/BitcoinResearch/BitcoinResearch/scripts/analisis/app/main.tex:4:  ==> Fatal error occurred, no output PDF file produced!
